2025-05-29 13:04:17,402 - INFO - ================================================================================
2025-05-29 13:09:41,963 - INFO - Total files found : 21
2025-05-29 13:10:06,173 - INFO - Subject S02 -> Data shape: (2531, 128, 300)
2025-05-29 13:10:06,522 - INFO - Total recording time: 3037.2 sec (50.62 min)
2025-05-29 13:15:29,862 - INFO - Total files found : 21
2025-05-29 13:17:38,955 - INFO - Total files found : 21
2025-05-29 13:17:55,754 - INFO - Subject S02 -> Data shape: (2531, 128, 300)
2025-05-29 13:17:57,062 - INFO - Total recording time: 3037.2 sec (50.62 min)
2025-05-29 13:18:17,198 - INFO - Total files found : 21
2025-05-29 13:18:25,999 - INFO - Total files found : 21
2025-05-29 13:18:37,221 - INFO - Subject S02 -> Data shape: (2531, 128, 300)
2025-05-29 13:18:37,628 - INFO - Total recording time: 3037.2 sec (50.62 min)
2025-05-29 13:21:50,271 - INFO - Total files found : 21
2025-05-29 13:22:05,140 - INFO - Subject S02 -> Data shape: (2531, 128, 300)
2025-05-29 13:22:10,381 - INFO - Total recording time: 3037.2 sec (50.62 min)
2025-05-29 13:22:38,099 - INFO - Total files found : 21
2025-05-29 13:22:51,872 - INFO - Subject S02 -> Data shape: (2531, 128, 300)
2025-05-29 13:22:52,635 - INFO - Total recording time: 3037.2 sec (50.62 min)
2025-05-29 13:23:08,625 - INFO - Subject S23 -> Data shape: (1707, 128, 300)
2025-05-29 13:23:09,249 - INFO - Total recording time: 2048.4 sec (34.14 min)
2025-05-29 13:26:07,005 - INFO - Total files found : 21
2025-05-29 13:26:20,176 - INFO - Subject S02 -> Data shape: (2531, 128, 300)
2025-05-29 13:26:20,878 - INFO - Total recording time: 3037.2 sec (50.62 min)
2025-05-29 13:26:35,717 - INFO - Subject S23 -> Data shape: (1707, 128, 300)
2025-05-29 13:26:35,852 - INFO - Total recording time: 2048.4 sec (34.14 min)
2025-05-29 13:28:39,311 - INFO - Total files found : 21
2025-05-29 13:28:47,350 - INFO - Subject S02 -> Data shape: (2531, 128, 300)
2025-05-29 13:28:47,488 - INFO - Total recording time: 3037.2 sec (50.62 min)
2025-05-29 13:29:10,311 - INFO - Subject S23 -> Data shape: (1707, 128, 300)
2025-05-29 13:29:10,667 - INFO - Total recording time: 2048.4 sec (34.14 min)
2025-05-29 13:29:28,767 - INFO - Subject S07 -> Data shape: (2445, 128, 300)
2025-05-29 13:29:29,390 - INFO - Total recording time: 2934.0 sec (48.90 min)
2025-05-29 13:29:46,777 - INFO - Subject S22 -> Data shape: (2714, 128, 300)
2025-05-29 13:29:47,029 - INFO - Total recording time: 3256.8 sec (54.28 min)
2025-05-29 13:30:05,384 - INFO - Subject S03 -> Data shape: (2404, 128, 300)
2025-05-29 13:30:05,580 - INFO - Total recording time: 2884.8 sec (48.08 min)
2025-05-29 13:30:23,671 - INFO - Subject S25 -> Data shape: (3075, 128, 300)
2025-05-29 13:30:23,975 - INFO - Total recording time: 3690.0 sec (61.50 min)
2025-05-29 13:30:42,117 - INFO - Subject S09 -> Data shape: (2830, 128, 300)
2025-05-29 13:30:42,353 - INFO - Total recording time: 3396.0 sec (56.60 min)
2025-05-29 13:31:00,436 - INFO - Subject S18 -> Data shape: (2417, 128, 300)
2025-05-29 13:31:01,901 - INFO - Total recording time: 2900.4 sec (48.34 min)
2025-05-29 13:31:44,472 - INFO - Subject S02 -> Data shape: (2531, 128, 300)
2025-05-29 13:31:46,287 - INFO - Total recording time: 3037.2 sec (50.62 min)
2025-05-29 13:32:02,885 - INFO - Subject S23 -> Data shape: (1707, 128, 300)
2025-05-29 13:32:03,578 - INFO - Total recording time: 2048.4 sec (34.14 min)
2025-05-29 13:32:25,736 - INFO - Subject S07 -> Data shape: (2445, 128, 300)
2025-05-29 13:32:27,987 - INFO - Total recording time: 2934.0 sec (48.90 min)
2025-05-29 13:32:50,821 - INFO - Subject S22 -> Data shape: (2714, 128, 300)
2025-05-29 13:32:52,068 - INFO - Total recording time: 3256.8 sec (54.28 min)
2025-05-29 13:33:23,455 - INFO - Subject S03 -> Data shape: (2404, 128, 300)
2025-05-29 13:33:24,070 - INFO - Total recording time: 2884.8 sec (48.08 min)
2025-05-29 13:34:00,474 - INFO - Total files found : 21
2025-05-29 13:35:38,674 - INFO - Total files found : 21
2025-05-29 13:35:59,012 - INFO - Subject S02 -> Data shape: (2531, 128, 300)
2025-05-29 13:36:04,899 - INFO - Total recording time: 3037.2 sec (50.62 min)
2025-05-29 13:36:43,509 - INFO - Subject S02 -> Data shape: (2531, 128, 300)
2025-05-29 13:36:45,216 - INFO - Total recording time: 3037.2 sec (50.62 min)
2025-05-29 13:37:34,594 - INFO - Total files found : 21
2025-05-29 13:37:47,522 - INFO - Subject S02 -> Data shape: (2531, 128, 300)
2025-05-29 13:37:50,728 - INFO - Total recording time: 3037.2 sec (50.62 min)
2025-05-29 13:38:13,323 - INFO - Subject S23 -> Data shape: (1707, 128, 300)
2025-05-29 13:38:13,627 - INFO - Total recording time: 2048.4 sec (34.14 min)
2025-05-29 13:38:31,493 - INFO - Subject S07 -> Data shape: (2445, 128, 300)
2025-05-29 13:38:31,736 - INFO - Total recording time: 2934.0 sec (48.90 min)
2025-05-29 13:38:47,997 - INFO - Subject S22 -> Data shape: (2714, 128, 300)
2025-05-29 13:38:48,256 - INFO - Total recording time: 3256.8 sec (54.28 min)
2025-05-29 13:39:08,112 - INFO - Subject S03 -> Data shape: (2404, 128, 300)
2025-05-29 13:39:10,719 - INFO - Total recording time: 2884.8 sec (48.08 min)
2025-05-29 13:39:27,159 - INFO - Subject S25 -> Data shape: (3075, 128, 300)
2025-05-29 13:39:27,511 - INFO - Total recording time: 3690.0 sec (61.50 min)
2025-05-29 13:39:44,464 - INFO - Subject S09 -> Data shape: (2830, 128, 300)
2025-05-29 13:39:44,633 - INFO - Total recording time: 3396.0 sec (56.60 min)
2025-05-29 13:39:59,846 - INFO - Subject S18 -> Data shape: (2417, 128, 300)
2025-05-29 13:40:00,050 - INFO - Total recording time: 2900.4 sec (48.34 min)
2025-05-29 13:40:16,615 - INFO - Subject S13 -> Data shape: (2683, 128, 300)
2025-05-29 13:40:18,096 - INFO - Total recording time: 3219.6 sec (53.66 min)
2025-05-29 13:40:38,897 - INFO - Subject S27 -> Data shape: (2805, 128, 300)
2025-05-29 13:40:40,699 - INFO - Total recording time: 3366.0 sec (56.10 min)
2025-05-29 13:40:57,026 - INFO - Subject S14 -> Data shape: (1764, 128, 300)
2025-05-29 13:40:57,413 - INFO - Total recording time: 2116.8 sec (35.28 min)
2025-05-29 13:41:14,682 - INFO - Subject S11 -> Data shape: (2894, 128, 300)
2025-05-29 13:41:15,407 - INFO - Total recording time: 3472.8 sec (57.88 min)
2025-05-29 13:41:32,701 - INFO - Subject S28 -> Data shape: (2775, 128, 300)
2025-05-29 13:41:32,788 - INFO - Total recording time: 3330.0 sec (55.50 min)
2025-05-29 13:41:50,692 - INFO - Subject S17 -> Data shape: (2552, 128, 300)
2025-05-29 13:41:51,235 - INFO - Total recording time: 3062.4 sec (51.04 min)
2025-05-29 13:42:04,971 - INFO - Subject S26 -> Data shape: (2190, 128, 300)
2025-05-29 13:42:05,176 - INFO - Total recording time: 2628.0 sec (43.80 min)
2025-05-29 13:42:19,340 - INFO - Subject S08 -> Data shape: (2391, 128, 300)
2025-05-29 13:42:19,712 - INFO - Total recording time: 2869.2 sec (47.82 min)
2025-05-29 13:42:32,604 - INFO - Subject S16 -> Data shape: (1654, 128, 300)
2025-05-29 13:42:32,656 - INFO - Total recording time: 1984.8 sec (33.08 min)
2025-05-29 13:42:47,376 - INFO - Subject S04 -> Data shape: (2546, 128, 300)
2025-05-29 13:42:47,623 - INFO - Total recording time: 3055.2 sec (50.92 min)
2025-05-29 13:43:00,919 - INFO - Subject S05 -> Data shape: (2433, 128, 300)
2025-05-29 13:43:01,034 - INFO - Total recording time: 2919.6 sec (48.66 min)
2025-05-29 13:43:15,327 - INFO - Subject S19 -> Data shape: (2352, 128, 300)
2025-05-29 13:43:15,548 - INFO - Total recording time: 2822.4 sec (47.04 min)
2025-05-29 13:43:26,763 - INFO - Subject S10 -> Data shape: (1300, 128, 300)
2025-05-29 13:43:26,799 - INFO - Total recording time: 1560.0 sec (26.00 min)
2025-05-29 14:00:25,317 - INFO - Total files found : 2
2025-05-29 14:00:33,483 - INFO - Subject S02 -> Data shape: (2531, 128, 300)
2025-05-29 14:00:33,863 - INFO - Total recording time: 3037.2 sec (50.62 min)
2025-05-29 14:00:55,342 - INFO - Subject S03 -> Data shape: (2404, 128, 300)
2025-05-29 14:00:55,568 - INFO - Total recording time: 2884.8 sec (48.08 min)
2025-05-29 19:20:11,067 - INFO - ================================================================================
2025-05-31 13:29:46,745 - INFO - ================================================================================
2025-05-31 13:33:35,299 - INFO - Total files found : 20
2025-05-31 13:33:47,527 - INFO - Subject S02 -> Data shape: (2531, 128, 300)
2025-05-31 13:33:47,959 - INFO - Total recording time: 3037.2 sec (50.62 min)
2025-05-31 13:34:34,678 - INFO - Total files found : 20
2025-05-31 13:34:41,100 - INFO - Subject S02 -> Data shape: (2531, 128, 300)
2025-05-31 13:34:41,507 - INFO - Total recording time: 3037.2 sec (50.62 min)
2025-05-31 13:34:47,808 - INFO - Subject S23 -> Data shape: (1707, 128, 300)
2025-05-31 13:34:48,130 - INFO - Total recording time: 2048.4 sec (34.14 min)
2025-05-31 13:36:47,889 - INFO - Total files found : 20
2025-05-31 13:36:54,935 - INFO - Subject S02 -> Data shape: (2531, 128, 300)
2025-05-31 13:36:56,958 - INFO - Total recording time: 3037.2 sec (50.62 min)
2025-05-31 13:37:08,864 - INFO - Subject S23 -> Data shape: (1707, 128, 300)
2025-05-31 13:37:10,129 - INFO - Total recording time: 2048.4 sec (34.14 min)
2025-05-31 13:37:19,097 - INFO - Subject S07 -> Data shape: (2445, 128, 300)
2025-05-31 13:37:19,347 - INFO - Total recording time: 2934.0 sec (48.90 min)
2025-05-31 13:37:26,272 - INFO - Subject S22 -> Data shape: (2714, 128, 300)
2025-05-31 13:37:26,488 - INFO - Total recording time: 3256.8 sec (54.28 min)
2025-05-31 13:37:33,482 - INFO - Subject S03 -> Data shape: (2404, 128, 300)
2025-05-31 13:37:33,646 - INFO - Total recording time: 2884.8 sec (48.08 min)
2025-05-31 13:37:41,071 - INFO - Subject S25 -> Data shape: (3075, 128, 300)
2025-05-31 13:37:41,256 - INFO - Total recording time: 3690.0 sec (61.50 min)
2025-05-31 13:37:48,534 - INFO - Subject S09 -> Data shape: (2830, 128, 300)
2025-05-31 13:37:48,716 - INFO - Total recording time: 3396.0 sec (56.60 min)
2025-05-31 13:37:55,821 - INFO - Subject S18 -> Data shape: (2417, 128, 300)
2025-05-31 13:37:56,072 - INFO - Total recording time: 2900.4 sec (48.34 min)
2025-05-31 13:44:57,769 - INFO - Total files found : 20
2025-05-31 13:45:04,236 - INFO - Subject S02 -> Data shape: (2531, 128, 300)
2025-05-31 13:45:04,438 - INFO - Total recording time: 3037.2 sec (50.62 min)
2025-05-31 13:45:08,748 - INFO - Subject S23 -> Data shape: (1707, 128, 300)
2025-05-31 13:45:08,935 - INFO - Total recording time: 2048.4 sec (34.14 min)
2025-05-31 13:47:53,093 - INFO - Total files found : 20
2025-05-31 13:47:58,137 - INFO - Subject S02 -> Data shape: (2531, 128, 300)
2025-05-31 13:47:58,406 - INFO - Total recording time: 3037.2 sec (50.62 min)
2025-05-31 13:48:27,746 - INFO - Total files found : 20
2025-05-31 13:48:34,785 - INFO - Subject S02 -> Data shape: (2531, 128, 300)
2025-05-31 13:48:35,071 - INFO - Total recording time: 3037.2 sec (50.62 min)
2025-05-31 13:48:39,627 - INFO - Subject S23 -> Data shape: (1707, 128, 300)
2025-05-31 13:48:39,808 - INFO - Total recording time: 2048.4 sec (34.14 min)
2025-05-31 13:48:46,615 - INFO - Subject S07 -> Data shape: (2445, 128, 300)
2025-05-31 13:48:46,909 - INFO - Total recording time: 2934.0 sec (48.90 min)
2025-05-31 13:49:07,583 - INFO - Total files found : 20
2025-05-31 13:49:13,107 - INFO - Subject S02 -> Data shape: (2531, 128, 300)
2025-05-31 13:49:13,317 - INFO - Total recording time: 3037.2 sec (50.62 min)
2025-05-31 13:49:17,953 - INFO - Subject S23 -> Data shape: (1707, 128, 300)
2025-05-31 13:49:18,216 - INFO - Total recording time: 2048.4 sec (34.14 min)
2025-05-31 13:49:24,914 - INFO - Subject S07 -> Data shape: (2445, 128, 300)
2025-05-31 13:49:25,213 - INFO - Total recording time: 2934.0 sec (48.90 min)
2025-05-31 13:49:31,647 - INFO - Subject S22 -> Data shape: (2714, 128, 300)
2025-05-31 13:49:31,779 - INFO - Total recording time: 3256.8 sec (54.28 min)
2025-05-31 13:49:38,152 - INFO - Subject S03 -> Data shape: (2404, 128, 300)
2025-05-31 13:49:38,277 - INFO - Total recording time: 2884.8 sec (48.08 min)
2025-05-31 13:49:45,759 - INFO - Subject S25 -> Data shape: (3075, 128, 300)
2025-05-31 13:49:54,238 - INFO - Total recording time: 3690.0 sec (61.50 min)
2025-05-31 13:50:10,284 - INFO - Subject S09 -> Data shape: (2830, 128, 300)
2025-05-31 13:50:10,504 - INFO - Total recording time: 3396.0 sec (56.60 min)
2025-05-31 13:50:17,270 - INFO - Subject S18 -> Data shape: (2417, 128, 300)
2025-05-31 13:50:17,424 - INFO - Total recording time: 2900.4 sec (48.34 min)
2025-05-31 13:50:24,395 - INFO - Subject S13 -> Data shape: (2683, 128, 300)
2025-05-31 13:50:24,536 - INFO - Total recording time: 3219.6 sec (53.66 min)
2025-05-31 13:50:31,536 - INFO - Subject S27 -> Data shape: (2805, 128, 300)
2025-05-31 13:50:31,690 - INFO - Total recording time: 3366.0 sec (56.10 min)
2025-05-31 13:50:39,325 - INFO - Subject S14 -> Data shape: (1764, 128, 300)
2025-05-31 13:50:39,460 - INFO - Total recording time: 2116.8 sec (35.28 min)
2025-05-31 13:50:46,808 - INFO - Subject S11 -> Data shape: (2894, 128, 300)
2025-05-31 13:50:47,120 - INFO - Total recording time: 3472.8 sec (57.88 min)
2025-05-31 13:50:56,015 - INFO - Subject S28 -> Data shape: (2775, 128, 300)
2025-05-31 13:50:56,311 - INFO - Total recording time: 3330.0 sec (55.50 min)
2025-05-31 13:51:04,896 - INFO - Subject S17 -> Data shape: (2552, 128, 300)
2025-05-31 13:51:05,211 - INFO - Total recording time: 3062.4 sec (51.04 min)
2025-05-31 13:51:11,686 - INFO - Subject S26 -> Data shape: (2190, 128, 300)
2025-05-31 13:51:12,042 - INFO - Total recording time: 2628.0 sec (43.80 min)
2025-05-31 13:51:19,038 - INFO - Subject S08 -> Data shape: (2391, 128, 300)
2025-05-31 13:51:19,288 - INFO - Total recording time: 2869.2 sec (47.82 min)
2025-05-31 13:51:23,915 - INFO - Subject S16 -> Data shape: (1654, 128, 300)
2025-05-31 13:51:24,069 - INFO - Total recording time: 1984.8 sec (33.08 min)
2025-05-31 13:51:27,678 - INFO - ================================================================================
2025-05-31 13:51:32,037 - INFO - Subject S05 -> Data shape: (2433, 128, 300)
2025-05-31 13:51:32,471 - INFO - Total recording time: 2919.6 sec (48.66 min)
2025-05-31 13:51:39,573 - INFO - Subject S19 -> Data shape: (2352, 128, 300)
2025-05-31 13:51:39,880 - INFO - Total recording time: 2822.4 sec (47.04 min)
2025-05-31 13:51:44,016 - INFO - Subject S10 -> Data shape: (1300, 128, 300)
2025-05-31 13:51:44,245 - INFO - Total recording time: 1560.0 sec (26.00 min)
2025-05-31 14:02:56,036 - INFO - ================================================================================
2025-05-31 14:06:45,380 - INFO - ================================================================================
2025-05-31 16:16:24,402 - INFO - ================================================================================
2025-05-31 16:23:06,839 - INFO - ================================================================================
2025-05-31 16:34:01,199 - INFO - Total files found : 20
2025-05-31 16:34:13,015 - INFO - Total files found : 20
2025-05-31 16:34:20,778 - INFO - Subject S02 -> Data shape: (2531, 128, 300)
2025-05-31 16:34:21,001 - INFO - Total recording time: 3037.2 sec (50.62 min)
2025-05-31 16:34:37,174 - INFO - Subject S02 -> Data shape: (2531, 128, 300)
2025-05-31 16:34:37,328 - INFO - Total recording time: 3037.2 sec (50.62 min)
2025-05-31 16:34:42,360 - INFO - ================================================================================
2025-05-31 16:37:16,947 - INFO - Total files found : 20
2025-05-31 16:37:22,431 - INFO - Subject S02 -> Data shape: (2531, 128, 300)
2025-05-31 16:37:22,673 - INFO - Total recording time: 3037.2 sec (50.62 min)
2025-05-31 16:37:30,471 - INFO - Converting data to "mne RawArray".
2025-05-31 16:38:38,890 - INFO - Total files found : 20
2025-05-31 16:38:50,368 - INFO - Subject S02 -> Data shape: (2531, 128, 300)
2025-05-31 16:38:51,348 - INFO - Total recording time: 3037.2 sec (50.62 min)
2025-05-31 16:39:01,854 - INFO - Converting data to "mne RawArray".
2025-05-31 16:40:12,432 - INFO - Total files found : 20
2025-05-31 16:40:17,592 - INFO - Subject S02 -> Data shape: (2531, 128, 300)
2025-05-31 16:40:18,114 - INFO - Total recording time: 3037.2 sec (50.62 min)
2025-05-31 16:41:08,211 - INFO - Subject S02 -> Data shape: (2531, 128, 300)
2025-05-31 16:41:08,368 - INFO - Total recording time: 3037.2 sec (50.62 min)
2025-05-31 16:41:14,527 - INFO - Subject S23 -> Data shape: (1707, 128, 300)
2025-05-31 16:41:14,579 - INFO - Total recording time: 2048.4 sec (34.14 min)
2025-05-31 16:41:20,728 - INFO - Subject S07 -> Data shape: (2445, 128, 300)
2025-05-31 16:41:20,856 - INFO - Total recording time: 2934.0 sec (48.90 min)
2025-05-31 16:41:27,337 - INFO - Subject S22 -> Data shape: (2714, 128, 300)
2025-05-31 16:41:27,481 - INFO - Total recording time: 3256.8 sec (54.28 min)
2025-05-31 16:41:36,089 - INFO - Subject S03 -> Data shape: (2404, 128, 300)
2025-05-31 16:41:36,752 - INFO - Total recording time: 2884.8 sec (48.08 min)
2025-05-31 16:41:51,784 - INFO - Subject S25 -> Data shape: (3075, 128, 300)
2025-05-31 16:41:52,118 - INFO - Total recording time: 3690.0 sec (61.50 min)
2025-05-31 16:42:02,253 - INFO - Subject S09 -> Data shape: (2830, 128, 300)
2025-05-31 16:42:02,457 - INFO - Total recording time: 3396.0 sec (56.60 min)
2025-05-31 16:42:11,501 - INFO - Subject S18 -> Data shape: (2417, 128, 300)
2025-05-31 16:42:11,839 - INFO - Total recording time: 2900.4 sec (48.34 min)
2025-05-31 16:42:21,690 - INFO - Subject S13 -> Data shape: (2683, 128, 300)
2025-05-31 16:42:21,939 - INFO - Total recording time: 3219.6 sec (53.66 min)
2025-05-31 16:42:29,203 - INFO - Subject S27 -> Data shape: (2805, 128, 300)
2025-05-31 16:42:30,542 - INFO - Total recording time: 3366.0 sec (56.10 min)
2025-05-31 16:42:37,407 - INFO - Subject S14 -> Data shape: (1764, 128, 300)
2025-05-31 16:42:37,598 - INFO - Total recording time: 2116.8 sec (35.28 min)
2025-05-31 16:42:44,907 - INFO - Subject S11 -> Data shape: (2894, 128, 300)
2025-05-31 16:42:45,245 - INFO - Total recording time: 3472.8 sec (57.88 min)
2025-05-31 16:42:54,240 - INFO - Subject S28 -> Data shape: (2775, 128, 300)
2025-05-31 16:42:54,620 - INFO - Total recording time: 3330.0 sec (55.50 min)
2025-05-31 16:43:01,572 - INFO - Subject S17 -> Data shape: (2552, 128, 300)
2025-05-31 16:43:01,712 - INFO - Total recording time: 3062.4 sec (51.04 min)
2025-05-31 16:43:07,290 - INFO - Subject S26 -> Data shape: (2190, 128, 300)
2025-05-31 16:43:07,415 - INFO - Total recording time: 2628.0 sec (43.80 min)
2025-05-31 16:43:13,550 - INFO - Subject S08 -> Data shape: (2391, 128, 300)
2025-05-31 16:43:13,768 - INFO - Total recording time: 2869.2 sec (47.82 min)
2025-05-31 16:43:18,068 - INFO - Subject S16 -> Data shape: (1654, 128, 300)
2025-05-31 16:43:18,268 - INFO - Total recording time: 1984.8 sec (33.08 min)
2025-05-31 16:43:23,824 - INFO - Subject S05 -> Data shape: (2433, 128, 300)
2025-05-31 16:43:24,034 - INFO - Total recording time: 2919.6 sec (48.66 min)
2025-05-31 16:43:30,050 - INFO - Subject S19 -> Data shape: (2352, 128, 300)
2025-05-31 16:43:30,249 - INFO - Total recording time: 2822.4 sec (47.04 min)
2025-05-31 16:43:34,640 - INFO - Subject S10 -> Data shape: (1300, 128, 300)
2025-05-31 16:43:34,753 - INFO - Total recording time: 1560.0 sec (26.00 min)
2025-05-31 16:44:29,362 - INFO - Total files found : 20
2025-05-31 16:44:35,784 - INFO - Subject S02 -> Data shape: (2531, 128, 300)
2025-05-31 16:44:35,983 - INFO - Total recording time: 3037.2 sec (50.62 min)
2025-05-31 16:44:42,520 - INFO - Converting data to "mne RawArray".
2025-05-31 16:45:28,413 - INFO - Total files found : 1
2025-05-31 16:45:32,338 - INFO - Subject S18 -> Data shape: (2471, 128, 300)
2025-05-31 16:45:32,437 - INFO - Total recording time: 2965.2 sec (49.42 min)
2025-05-31 16:45:36,708 - INFO - Converting data to "mne RawArray".
2025-05-31 16:56:02,698 - INFO - ================================================================================
2025-05-31 16:57:12,682 - INFO - Total files found : 20
2025-05-31 16:57:18,071 - INFO - Subject S02 -> Data shape: (2531, 128, 300)
2025-05-31 16:57:18,205 - INFO - Total recording time: 3037.2 sec (50.62 min)
2025-05-31 16:57:21,538 - INFO - Converting data to "mne RawArray".
2025-05-31 16:57:27,286 - INFO - Total files found : 1
2025-05-31 16:57:32,401 - INFO - Subject S18 -> Data shape: (2471, 128, 300)
2025-05-31 16:57:32,486 - INFO - Total recording time: 2965.2 sec (49.42 min)
2025-05-31 16:57:36,398 - INFO - Converting data to "mne RawArray".
2025-05-31 17:45:07,253 - INFO - ================================================================================
2025-05-31 17:45:30,741 - INFO - Total files found : 20
2025-05-31 17:45:35,952 - INFO - Subject S02 -> Data shape: (2531, 128, 300)
2025-05-31 17:45:37,285 - INFO - Total recording time: 3037.2 sec (50.62 min)
2025-05-31 17:45:54,109 - INFO - Converting data to "mne RawArray".
2025-05-31 17:50:23,762 - INFO - Total files found : 20
2025-05-31 17:50:33,794 - INFO - Subject S02 -> Data shape: (2531, 128, 300)
2025-05-31 17:50:33,931 - INFO - Total recording time: 3037.2 sec (50.62 min)
2025-05-31 17:50:40,921 - INFO - Converting data to "mne RawArray".
2025-05-31 17:51:17,582 - INFO - Total files found : 1
2025-05-31 17:51:34,955 - INFO - Subject S18 -> Data shape: (2471, 128, 300)
2025-05-31 17:51:38,843 - INFO - Total recording time: 2965.2 sec (49.42 min)
2025-05-31 17:52:03,627 - INFO - Converting data to "mne RawArray".
2025-05-31 18:00:01,067 - INFO - ================================================================================
2025-05-31 18:00:01,723 - INFO - Total files found : 20
2025-05-31 18:00:06,978 - INFO - Subject S02 -> Data shape: (2531, 128, 300)
2025-05-31 18:00:07,817 - INFO - Total recording time: 3037.2 sec (50.62 min)
2025-05-31 18:00:14,997 - INFO - Converting data to "mne RawArray".
2025-05-31 18:00:23,721 - INFO - Total files found : 1
2025-05-31 18:00:28,021 - INFO - Subject S18 -> Data shape: (2471, 128, 300)
2025-05-31 18:00:28,265 - INFO - Total recording time: 2965.2 sec (49.42 min)
2025-05-31 18:00:35,305 - INFO - Converting data to "mne RawArray".
2025-05-31 18:28:17,725 - INFO - ================================================================================
2025-05-31 18:28:23,991 - INFO - Total files found : 20
2025-05-31 18:28:28,721 - INFO - Subject S02 -> Data shape: (2531, 128, 300)
2025-05-31 18:28:28,822 - INFO - Total recording time: 3037.2 sec (50.62 min)
2025-05-31 18:28:47,633 - INFO - Total files found : 20
2025-05-31 18:28:51,962 - INFO - Subject S02 -> Data shape: (2531, 128, 300)
2025-05-31 18:28:52,059 - INFO - Total recording time: 3037.2 sec (50.62 min)
2025-05-31 18:30:50,367 - INFO - Total files found : 20
2025-05-31 18:30:55,212 - INFO - Subject S02 -> Data shape: (2531, 128, 300)
2025-05-31 18:30:55,293 - INFO - Total recording time: 3037.2 sec (50.62 min)
2025-05-31 18:31:07,802 - INFO - ================================================================================
2025-05-31 18:31:07,900 - INFO - Total files found : 20
2025-05-31 18:31:12,482 - INFO - Subject S02 -> Data shape: (2531, 128, 300)
2025-05-31 18:31:12,568 - INFO - Total recording time: 3037.2 sec (50.62 min)
2025-05-31 18:31:17,871 - INFO - Converting data to "mne RawArray".
2025-05-31 18:32:25,928 - INFO - ================================================================================
2025-05-31 18:32:27,227 - INFO - Total files found : 20
2025-05-31 18:32:31,966 - INFO - Subject S02 -> Data shape: (2531, 128, 300)
2025-05-31 18:32:32,062 - INFO - Total recording time: 3037.2 sec (50.62 min)
2025-05-31 18:32:35,815 - INFO - Converting data to "mne RawArray".
2025-05-31 18:33:04,439 - INFO - Total files found : 20
2025-05-31 18:33:09,111 - INFO - Subject S02 -> Data shape: (2531, 128, 300)
2025-05-31 18:33:09,223 - INFO - Total recording time: 3037.2 sec (50.62 min)
2025-05-31 18:33:14,498 - INFO - Converting data to "mne RawArray".
2025-05-31 18:33:36,383 - INFO - Total files found : 20
2025-05-31 18:33:45,347 - INFO - Total files found : 20
2025-05-31 18:33:50,078 - INFO - Subject S02 -> Data shape: (2531, 128, 300)
2025-05-31 18:33:50,158 - INFO - Total recording time: 3037.2 sec (50.62 min)
2025-05-31 18:34:04,424 - INFO - Converting data to "mne RawArray".
2025-05-31 18:35:40,839 - INFO - Total files found : 20
2025-05-31 18:35:46,210 - INFO - Subject S02 -> Data shape: (2531, 128, 300)
2025-05-31 18:35:46,291 - INFO - Total recording time: 3037.2 sec (50.62 min)
2025-05-31 18:35:50,000 - INFO - Converting data to "mne RawArray".
2025-05-31 18:36:42,909 - INFO - ================================================================================
2025-05-31 18:36:42,986 - INFO - Total files found : 20
2025-05-31 18:36:48,006 - INFO - Subject S02 -> Data shape: (2531, 128, 300)
2025-05-31 18:36:48,120 - INFO - Total recording time: 3037.2 sec (50.62 min)
2025-05-31 18:36:51,869 - INFO - Converting data to "mne RawArray".
2025-05-31 18:38:36,519 - INFO - ================================================================================
2025-05-31 18:38:36,726 - INFO - Total files found : 20
2025-05-31 18:38:41,293 - INFO - Subject S02 -> Data shape: (2531, 128, 300)
2025-05-31 18:38:41,379 - INFO - Total recording time: 3037.2 sec (50.62 min)
2025-05-31 18:38:44,831 - INFO - Converting data to "mne RawArray".
2025-05-31 18:39:44,535 - INFO - ================================================================================
2025-05-31 18:39:44,610 - INFO - Total files found : 20
2025-05-31 18:39:48,915 - INFO - Subject S02 -> Data shape: (2531, 128, 300)
2025-05-31 18:39:49,004 - INFO - Total recording time: 3037.2 sec (50.62 min)
2025-05-31 18:39:51,912 - INFO - Converting data to "mne RawArray".
2025-05-31 18:41:38,593 - INFO - ================================================================================
2025-05-31 18:41:38,716 - INFO - Total files found : 20
2025-05-31 18:41:42,873 - INFO - Subject S02 -> Data shape: (2531, 128, 300)
2025-05-31 18:41:42,960 - INFO - Total recording time: 3037.2 sec (50.62 min)
2025-05-31 18:41:46,118 - INFO - Converting data to "mne RawArray".
2025-05-31 18:43:00,668 - INFO - ================================================================================
2025-05-31 18:43:00,760 - INFO - Total files found : 20
2025-05-31 18:43:05,005 - INFO - Subject S02 -> Data shape: (2531, 128, 300)
2025-05-31 18:43:05,095 - INFO - Total recording time: 3037.2 sec (50.62 min)
2025-05-31 18:43:08,105 - INFO - Converting data to "mne RawArray".
2025-05-31 18:44:29,712 - INFO - ================================================================================
2025-05-31 18:44:29,929 - INFO - Total files found : 20
2025-05-31 18:44:34,166 - INFO - Subject S02 -> Data shape: (2531, 128, 300)
2025-05-31 18:44:34,251 - INFO - Total recording time: 3037.2 sec (50.62 min)
2025-05-31 18:44:37,436 - INFO - Converting data to "mne RawArray".
2025-05-31 18:45:24,350 - INFO - ================================================================================
2025-05-31 18:45:24,422 - INFO - Total files found : 20
2025-05-31 18:45:29,002 - INFO - Subject S02 -> Data shape: (2531, 128, 300)
2025-05-31 18:45:29,094 - INFO - Total recording time: 3037.2 sec (50.62 min)
2025-05-31 18:45:32,102 - INFO - Converting data to "mne RawArray".
2025-05-31 18:46:21,971 - INFO - Total files found : 20
2025-05-31 18:46:26,280 - INFO - Subject S02 -> Data shape: (2531, 128, 300)
2025-05-31 18:46:26,373 - INFO - Total recording time: 3037.2 sec (50.62 min)
2025-05-31 18:46:29,343 - INFO - Converting data to "mne RawArray".
2025-05-31 18:46:53,066 - INFO - ================================================================================
2025-05-31 18:46:53,150 - INFO - Total files found : 20
2025-05-31 18:46:57,461 - INFO - Subject S02 -> Data shape: (2531, 128, 300)
2025-05-31 18:46:57,551 - INFO - Total recording time: 3037.2 sec (50.62 min)
2025-05-31 18:47:01,343 - INFO - Converting data to "mne RawArray".
2025-05-31 18:47:14,094 - INFO - Total files found : 20
2025-05-31 18:47:18,379 - INFO - Subject S02 -> Data shape: (2531, 128, 300)
2025-05-31 18:47:18,462 - INFO - Total recording time: 3037.2 sec (50.62 min)
2025-05-31 18:47:21,262 - INFO - Converting data to "mne RawArray".
2025-05-31 18:48:07,543 - INFO - ================================================================================
2025-05-31 18:48:07,731 - INFO - Total files found : 20
2025-05-31 18:48:12,085 - INFO - Subject S02 -> Data shape: (2531, 128, 300)
2025-05-31 18:48:12,177 - INFO - Total recording time: 3037.2 sec (50.62 min)
2025-05-31 18:48:16,037 - INFO - Converting data to "mne RawArray".
2025-05-31 18:48:21,314 - INFO - Total files found : 1
2025-05-31 18:48:25,078 - INFO - Subject S18 -> Data shape: (2471, 128, 300)
2025-05-31 18:48:25,170 - INFO - Total recording time: 2965.2 sec (49.42 min)
2025-05-31 18:48:28,747 - INFO - Converting data to "mne RawArray".
2025-05-31 18:49:34,239 - INFO - Total files found : 20
2025-05-31 18:49:40,618 - INFO - Subject S02 -> Data shape: (2531, 128, 300)
2025-05-31 18:49:50,263 - INFO - Total recording time: 3037.2 sec (50.62 min)
2025-05-31 18:50:03,263 - INFO - Converting data to "mne RawArray".
2025-05-31 18:50:25,186 - INFO - Total files found : 1
2025-05-31 18:50:28,990 - INFO - Subject S18 -> Data shape: (2471, 128, 300)
2025-05-31 18:50:29,577 - INFO - Total recording time: 2965.2 sec (49.42 min)
2025-05-31 18:50:35,815 - INFO - Converting data to "mne RawArray".
2025-05-31 18:56:32,091 - INFO - Total files found : 20
2025-05-31 18:56:43,466 - INFO - Subject S02 -> Data shape: (2531, 128, 300)
2025-05-31 18:56:43,761 - INFO - Total recording time: 3037.2 sec (50.62 min)
2025-05-31 18:56:49,121 - INFO - Converting data to "mne RawArray".
2025-05-31 19:04:32,271 - INFO - ================================================================================
2025-05-31 19:04:37,181 - INFO - Total files found : 20
2025-05-31 19:04:41,683 - INFO - Subject S02 -> Data shape: (2531, 128, 300)
2025-05-31 19:04:41,758 - INFO - Total recording time: 3037.2 sec (50.62 min)
2025-05-31 19:05:09,969 - INFO - Total files found : 20
2025-05-31 19:05:14,414 - INFO - Subject S02 -> Data shape: (2531, 128, 300)
2025-05-31 19:05:14,504 - INFO - Total recording time: 3037.2 sec (50.62 min)
2025-05-31 19:09:08,282 - INFO - ================================================================================
2025-05-31 19:09:08,613 - INFO - Total files found : 20
2025-05-31 19:09:13,378 - INFO - Subject S02 -> Data shape: (2531, 128, 300)
2025-05-31 19:09:13,464 - INFO - Total recording time: 3037.2 sec (50.62 min)
2025-05-31 19:10:57,292 - INFO - ================================================================================
2025-05-31 19:10:57,366 - INFO - Total files found : 20
2025-05-31 19:11:02,018 - INFO - Subject S02 -> Data shape: (2531, 128, 300)
2025-05-31 19:11:02,103 - INFO - Total recording time: 3037.2 sec (50.62 min)
2025-05-31 19:15:04,865 - INFO - ================================================================================
2025-05-31 19:15:04,920 - INFO - Total files found : 20
2025-05-31 19:15:09,153 - INFO - Subject S02 -> Data shape: (2531, 128, 300)
2025-05-31 19:15:09,230 - INFO - Total recording time: 3037.2 sec (50.62 min)
2025-05-31 19:36:28,369 - ERROR - No access allowed to this file <</home/elbramos/Desktop/IAAA/S2/TER/ter_project/notebooks/data/raw/sample_set/S18_raw_epochs.set>>!
2025-05-31 19:37:13,997 - INFO - Subject S18_raw_epochs -> Data shape: (2471, 128, 300)
2025-05-31 19:37:14,163 - INFO - Total recording time: 2965.2 sec (49.42 min)
2025-05-31 19:43:00,876 - INFO - ================================================================================
2025-05-31 19:43:00,960 - INFO - Total files found : 20
2025-05-31 19:43:06,388 - INFO - Subject S02 -> Data shape: (2531, 128, 300)
2025-05-31 19:43:06,460 - INFO - Total recording time: 3037.2 sec (50.62 min)
2025-05-31 19:43:26,415 - INFO - Subject S18_raw_epochs -> Data shape: (2471, 128, 300)
2025-05-31 19:43:26,726 - INFO - Total recording time: 2965.2 sec (49.42 min)
2025-05-31 19:47:13,446 - INFO - Total files found : 20
2025-05-31 19:47:16,910 - INFO - Subject S23 -> Data shape: (1707, 128, 300)
2025-05-31 19:47:16,962 - INFO - Total recording time: 2048.4 sec (34.14 min)
2025-05-31 19:47:40,058 - INFO - Total files found : 1
2025-05-31 19:47:43,895 - INFO - Subject S18 -> Data shape: (2471, 128, 300)
2025-05-31 19:47:43,964 - INFO - Total recording time: 2965.2 sec (49.42 min)
